<?xml version="1.0" encoding="UTF-8"?>
<!-- Generated by org.testng.reporters.JUnitReportReporter -->
<testsuite hostname="LAPTOP-9TE3HTMN" failures="0" tests="1" name="com.apitesting.restfulbooker.WithoutResponseSpecification" time="4.128" errors="0" timestamp="2021-08-16T18:00:17 IST" skipped="0">
  <testcase classname="com.apitesting.restfulbooker.WithoutResponseSpecification" name="createBooking" time="4.128"/>
  <system-out/>
</testsuite> <!-- com.apitesting.restfulbooker.WithoutResponseSpecification -->
