<?xml version="1.0" encoding="UTF-8"?>
<!-- Generated by org.testng.reporters.JUnitReportReporter -->
<testsuite hostname="LAPTOP-9TE3HTMN" failures="0" tests="1" name="com.apitesting.restconcepts.CreateJsonObjectPayloadUsingMap" time="7.044" errors="0" timestamp="2022-11-18T15:07:54 IST" skipped="0">
  <testcase classname="com.apitesting.restconcepts.CreateJsonObjectPayloadUsingMap" name="passBodyAsMap" time="7.044"/>
  <system-out/>
</testsuite> <!-- com.apitesting.restconcepts.CreateJsonObjectPayloadUsingMap -->
