<?xml version="1.0" encoding="UTF-8"?>
<!-- Generated by org.testng.reporters.JUnitReportReporter -->
<testsuite hostname="LAPTOP-9TE3HTMN" failures="0" tests="2" name="com.apitesting.restfulbooker.DefaultValues1" time="5.549" errors="0" timestamp="2022-04-14T22:05:13 IST" skipped="0">
  <testcase classname="com.apitesting.restfulbooker.DefaultValues1" name="createbooking1" time="3.870"/>
  <system-out/>
  <testcase classname="com.apitesting.restfulbooker.DefaultValues1" name="createbooking2" time="1.679"/>
  <system-out/>
</testsuite> <!-- com.apitesting.restfulbooker.DefaultValues1 -->
