<?xml version="1.0" encoding="UTF-8"?>
<!-- Generated by org.testng.reporters.JUnitReportReporter -->
<testsuite hostname="LAPTOP-9TE3HTMN" failures="0" tests="1" name="com.apitesting.restfulbooker.DefaultValues2" time="1.617" errors="0" timestamp="2022-04-14T22:00:38 IST" skipped="0">
  <testcase classname="com.apitesting.restfulbooker.DefaultValues2" name="createBooking" time="1.617"/>
  <system-out/>
</testsuite> <!-- com.apitesting.restfulbooker.DefaultValues2 -->
