<?xml version="1.0" encoding="UTF-8"?>
<!-- Generated by org.testng.reporters.JUnitReportReporter -->
<testsuite hostname="LAPTOP-9TE3HTMN" failures="0" tests="1" name="com.apitesting.jsonpathintro.JsonPathIntro" time="2.556" errors="0" timestamp="2022-08-10T22:49:48 IST" skipped="0">
  <testcase classname="com.apitesting.jsonpathintro.JsonPathIntro" name="jsonPathDemo" time="2.556"/>
  <system-out/>
</testsuite> <!-- com.apitesting.jsonpathintro.JsonPathIntro -->
