<?xml version="1.0" encoding="UTF-8"?>
<!-- Generated by org.testng.reporters.JUnitReportReporter -->
<testsuite hostname="LAPTOP-9TE3HTMN" failures="0" tests="1" name="com.apitesting.restconcepts.CreateComplexJsonObjectPayloadUsingMap2" time="5.782" errors="0" timestamp="2022-11-18T16:06:08 IST" skipped="0">
  <testcase classname="com.apitesting.restconcepts.CreateComplexJsonObjectPayloadUsingMap2" name="passBodyAsMap" time="5.782"/>
  <system-out/>
</testsuite> <!-- com.apitesting.restconcepts.CreateComplexJsonObjectPayloadUsingMap2 -->
