<?xml version="1.0" encoding="UTF-8"?>
<!-- Generated by org.testng.reporters.JUnitReportReporter -->
<testsuite hostname="LAPTOP-9TE3HTMN" failures="0" tests="1" name="com.apitesting.restfulbooker.ResponseTime" time="3.417" errors="0" timestamp="2022-01-08T18:23:37 IST" skipped="0">
  <testcase classname="com.apitesting.restfulbooker.ResponseTime" name="calculateResponsetime" time="3.417"/>
  <system-out/>
</testsuite> <!-- com.apitesting.restfulbooker.ResponseTime -->
